<?xml version="1.0" encoding="UTF-8"?>
<testsuite xmlns:xsi="http://www.w3.org/2001/XMLSchema-instance" xsi:noNamespaceSchemaLocation="https://maven.apache.org/surefire/maven-surefire-plugin/xsd/surefire-test-report.xsd" name="TestSuite" time="12.961" tests="8" errors="0" skipped="0" failures="2">
  <properties>
[...]
</properties>
  <testcase name="CheckResponseTime" classname="com.github.CreateANewRepo_POST_Request" time="0.004"/>
  <testcase name="CheckStatus" classname="com.github.CreateANewRepo_POST_Request" time="0.001"/>
  <testcase name="PrintResponseBody" classname="com.github.CreateANewRepo_POST_Request" time="0.061"/>
  <testcase name="TestHeader" classname="com.github.CreateANewRepo_POST_Request" time="0.019"/>
  <testcase name="CheckContent" classname="com.github.DeleteRepo_DEL_Request" time="0.06">
    <failure message="expected [null] but found [application/json; charset=utf-8]" type="java.lang.AssertionError">java.lang.AssertionError: expected [null] but found [application/json; charset=utf-8]
	at com.github.DeleteRepo_DEL_Request.CheckContent(DeleteRepo_DEL_Request.java:72)
</failure>
    <system-out><![CDATA[08-29-2023 22:20:06 DeleteRepo_DEL_Request.java INFO  [main] file 17 - **********Deleting Repo**********
08-29-2023 22:20:08 DeleteRepo_DEL_Request.java INFO  [main] file 65 - **********Check Content**********
08-29-2023 22:20:08 DeleteRepo_DEL_Request.java INFO  [main] file 71 - Content Type ==>application/json; charset=utf-8
]]></system-out>
  </testcase>
  <testcase name="CheckResponseBody" classname="com.github.DeleteRepo_DEL_Request" time="0.001"/>
  <testcase name="CheckResponseTime" classname="com.github.DeleteRepo_DEL_Request" time="0.001"/>
  <testcase name="CheckStatus" classname="com.github.DeleteRepo_DEL_Request" time="0.001">
    <failure message="expected [204] but found [401]" type="java.lang.AssertionError">java.lang.AssertionError: expected [204] but found [401]
	at com.github.DeleteRepo_DEL_Request.CheckStatus(DeleteRepo_DEL_Request.java:54)
</failure>
    <system-out><![CDATA[08-29-2023 22:20:08 DeleteRepo_DEL_Request.java INFO  [main] file 49 - **********Checking Status**********
08-29-2023 22:20:08 DeleteRepo_DEL_Request.java INFO  [main] file 53 - Status Code ==>401
]]></system-out>
  </testcase>
</testsuite>